[2022-06-13T18:17:30.952Z] Log level: Info
[2022-06-13T18:17:30.952Z] [info] Validating found git in: git
[2022-06-13T18:17:30.986Z] [info] Using git 2.36.1 from git
[2022-06-13T18:17:30.997Z] > git rev-parse --show-toplevel [2ms]
[2022-06-13T18:17:30.997Z] fatal: not a git repository (or any parent up to mount point /)
Stopping at filesystem boundary (GIT_DISCOVERY_ACROSS_FILESYSTEM not set).
[2022-06-13T18:17:52.416Z] > git rev-parse --show-toplevel [1ms]
[2022-06-13T18:17:52.426Z] > git rev-parse --git-dir --git-common-dir [1ms]
[2022-06-13T18:17:52.429Z] [info] Open repository: /home/dan/dotfiles/.config/awesome/collision
[2022-06-13T18:17:52.446Z] > git status -z -uall [1ms]
[2022-06-13T18:17:52.452Z] > git symbolic-ref --short HEAD [0ms]
[2022-06-13T18:17:52.467Z] > git for-each-ref --format=%(refname)%00%(upstream:short)%00%(objectname)%00%(upstream:track)%00%(upstream:remotename)%00%(upstream:remoteref) refs/heads/master refs/remotes/master [9ms]
[2022-06-13T18:17:52.481Z] > git remote --verbose [2ms]
[2022-06-13T18:17:52.481Z] > git for-each-ref --sort -committerdate --format %(refname) %(objectname) %(*objectname) [8ms]
[2022-06-13T18:17:52.496Z] > git config --get commit.template [7ms]
[2022-06-13T18:17:52.497Z] > git config --local branch.master.github-pr-owner-number [2ms]
[2022-06-13T18:17:53.004Z] > git fetch --all [566ms]
[2022-06-13T18:17:53.014Z] > git status -z -uall [1ms]
[2022-06-13T18:17:53.023Z] > git symbolic-ref --short HEAD [1ms]
[2022-06-13T18:17:53.033Z] > git for-each-ref --format=%(refname)%00%(upstream:short)%00%(objectname)%00%(upstream:track)%00%(upstream:remotename)%00%(upstream:remoteref) refs/heads/master refs/remotes/master [1ms]
[2022-06-13T18:17:53.050Z] > git for-each-ref --sort -committerdate --format %(refname) %(objectname) %(*objectname) [9ms]
[2022-06-13T18:17:53.051Z] > git remote --verbose [2ms]
[2022-06-13T18:17:53.062Z] > git config --get commit.template [2ms]
[2022-06-13T18:17:54.484Z] > git rev-parse --show-toplevel [15ms]
[2022-06-13T18:17:54.490Z] > git rev-parse --git-dir --git-common-dir [1ms]
[2022-06-13T18:17:54.491Z] [info] Open repository: /home/dan/dotfiles
[2022-06-13T18:17:54.505Z] > git fetch --all [6ms]
[2022-06-13T18:17:54.509Z] > git status -z -uall [5ms]
[2022-06-13T18:17:54.516Z] > git symbolic-ref --short HEAD [1ms]
[2022-06-13T18:17:54.522Z] > git for-each-ref --format=%(refname)%00%(upstream:short)%00%(objectname)%00%(upstream:track)%00%(upstream:remotename)%00%(upstream:remoteref) refs/heads/master refs/remotes/master [1ms]
[2022-06-13T18:17:54.533Z] > git for-each-ref --sort -committerdate --format %(refname) %(objectname) %(*objectname) [6ms]
[2022-06-13T18:17:54.533Z] > git remote --verbose [1ms]
[2022-06-13T18:17:54.567Z] > git config --get commit.template [11ms]
[2022-06-13T18:17:54.575Z] > git config --local branch.master.github-pr-owner-number [9ms]
[2022-06-13T18:17:54.579Z] > git status -z -uall [4ms]
[2022-06-13T18:17:54.589Z] > git symbolic-ref --short HEAD [2ms]
[2022-06-13T18:17:54.799Z] > git for-each-ref --format=%(refname)%00%(upstream:short)%00%(objectname)%00%(upstream:track)%00%(upstream:remotename)%00%(upstream:remoteref) refs/heads/master refs/remotes/master [203ms]
[2022-06-13T18:17:54.816Z] > git remote --verbose [1ms]
[2022-06-13T18:17:54.816Z] > git for-each-ref --sort -committerdate --format %(refname) %(objectname) %(*objectname) [10ms]
[2022-06-13T18:17:54.833Z] > git config --get commit.template [0ms]
[2022-06-13T18:17:55.290Z] > git check-ignore -v -z --stdin [2ms]
[2022-06-13T18:18:00.808Z] > git check-ignore -v -z --stdin [1ms]
[2022-06-13T18:18:06.495Z] > git check-ignore -v -z --stdin [1ms]
[2022-06-13T18:18:40.390Z] > git status -z -uall [10ms]
[2022-06-13T18:18:40.399Z] > git status -z -uall [11ms]
[2022-06-13T18:18:40.404Z] > git symbolic-ref --short HEAD [5ms]
[2022-06-13T18:18:40.409Z] > git symbolic-ref --short HEAD [5ms]
[2022-06-13T18:18:40.415Z] > git for-each-ref --format=%(refname)%00%(upstream:short)%00%(objectname)%00%(upstream:track)%00%(upstream:remotename)%00%(upstream:remoteref) refs/heads/master refs/remotes/master [6ms]
[2022-06-13T18:18:40.429Z] > git for-each-ref --sort -committerdate --format %(refname) %(objectname) %(*objectname) [8ms]
[2022-06-13T18:18:40.429Z] > git for-each-ref --format=%(refname)%00%(upstream:short)%00%(objectname)%00%(upstream:track)%00%(upstream:remotename)%00%(upstream:remoteref) refs/heads/master refs/remotes/master [14ms]
[2022-06-13T18:18:40.445Z] > git for-each-ref --sort -committerdate --format %(refname) %(objectname) %(*objectname) [8ms]
[2022-06-13T18:18:40.446Z] > git remote --verbose [18ms]
[2022-06-13T18:18:40.464Z] > git remote --verbose [19ms]
[2022-06-13T18:18:40.472Z] > git config --get commit.template [8ms]
[2022-06-13T18:18:40.473Z] > git config --get commit.template [2ms]
[2022-06-13T18:18:44.249Z] > git rev-parse --show-toplevel [9ms]
[2022-06-13T18:18:44.259Z] > git rev-parse --git-dir --git-common-dir [0ms]
[2022-06-13T18:18:44.261Z] [info] Open repository: /home/dan/.oh-my-zsh
