[2022-06-13 17:21:58.378] [exthost] [info] Extension host with pid 781 started
[2022-06-13 17:21:58.378] [exthost] [info] Skipping acquiring lock for /home/dan/.config/Code/User/workspaceStorage/fc466df370544db5260194d576b04f30.
[2022-06-13 17:21:58.454] [exthost] [info] ExtensionService#_doActivateExtension vscode.microsoft-authentication, startup: false, activationEvent: 'onAuthenticationRequest:microsoft'
[2022-06-13 17:21:58.469] [exthost] [info] ExtensionService#_doActivateExtension vscode.debug-auto-launch, startup: true, activationEvent: '*'
[2022-06-13 17:21:58.471] [exthost] [info] ExtensionService#_doActivateExtension vscode.git-base, startup: true, activationEvent: '*', root cause: vscode.git
[2022-06-13 17:21:58.473] [exthost] [info] ExtensionService#_doActivateExtension vscode.ipynb, startup: true, activationEvent: '*'
[2022-06-13 17:21:58.476] [exthost] [info] ExtensionService#_doActivateExtension christian-kohler.path-intellisense, startup: true, activationEvent: '*'
[2022-06-13 17:21:58.489] [exthost] [info] ExtensionService#_doActivateExtension donjayamanne.githistory, startup: true, activationEvent: '*'
[2022-06-13 17:21:58.504] [exthost] [info] ExtensionService#_doActivateExtension ecmel.vscode-html-css, startup: true, activationEvent: '*'
[2022-06-13 17:21:58.538] [exthost] [info] ExtensionService#_doActivateExtension EditorConfig.EditorConfig, startup: true, activationEvent: '*'
[2022-06-13 17:21:58.554] [exthost] [info] ExtensionService#_doActivateExtension formulahendry.auto-close-tag, startup: true, activationEvent: '*'
[2022-06-13 17:21:58.556] [exthost] [info] ExtensionService#_doActivateExtension formulahendry.auto-rename-tag, startup: true, activationEvent: '*'
[2022-06-13 17:21:58.565] [exthost] [info] ExtensionService#_doActivateExtension vscode.github-authentication, startup: true, activationEvent: '*', root cause: GitHub.vscode-pull-request-github
[2022-06-13 17:21:58.574] [exthost] [info] ExtensionService#_doActivateExtension ms-vsliveshare.vsliveshare, startup: true, activationEvent: '*'
[2022-06-13 17:21:58.742] [exthost] [info] ExtensionService#_doActivateExtension Zignd.html-css-class-completion, startup: true, activationEvent: '*'
[2022-06-13 17:21:58.848] [exthost] [info] ExtensionService#_doActivateExtension vscode.git, startup: true, activationEvent: '*'
[2022-06-13 17:21:58.866] [exthost] [info] ExtensionService#_doActivateExtension vscode.github, startup: true, activationEvent: '*'
[2022-06-13 17:21:58.868] [exthost] [info] ExtensionService#_doActivateExtension GitHub.vscode-pull-request-github, startup: true, activationEvent: '*'
[2022-06-13 17:22:00.556] [exthost] [error] Activating extension ms-vsliveshare.vsliveshare failed due to an error:
[2022-06-13 17:22:00.556] [exthost] [error] Error: Agent terminated with exit code: 0 and signal null: Process terminated. Couldn't find a valid ICU package installed on the system. Set the configuration flag System.Globalization.Invariant to true if you want to run with no globalization support.at System.Environment.FailFast(System.String)at System.Globalization.GlobalizationMode.GetGlobalizationInvariantMode()
   at System.Globalization.GlobalizationMode..cctor()
   at System.Globalization.CultureData.CreateCultureWithInvariantData()at System.Globalization.CultureData.get_Invariant()
   at System.Globalization.CultureInfo..cctor()at System.String.ToLowerInvariant()
   at System.Text.EncodingHelper.GetCharset()at System.Text.EncodingHelper.GetEncodingFromCharset()
   at System.ConsolePal.GetConsoleEncoding()
   at System.Console+<>c.<get_OutputEncoding>b__19_0()at System.Threading.LazyInitializer.EnsureInitializedCore[[System.__Canon, System.Private.CoreLib, Version=4.0.0.0, Culture=neutral, PublicKeyToken=7cec85d7bea7798e]](System.__Canon ByRef, System.Object ByRef, System.Func`1<System.__Canon>)
   at System.Threading.LazyInitializer.EnsureInitialized[[System.__Canon, System.Private.CoreLib, Version=4.0.0.0, Culture=neutral, PublicKeyToken=7cec85d7bea7798e]](System.__Canon ByRef, System.Object ByRef, System.Func`1<System.__Canon>)at System.Console.get_OutputEncoding()
   at System.Console.CreateOutputWriter(System.IO.Stream)
   at System.Console+<>c.<get_Out>b__26_0()
   at System.Threading.LazyInitializer.EnsureInitializedCore[[System.__Canon, System.Private.CoreLib, Version=4.0.0.0, Culture=neutral, PublicKeyToken=7cec85d7bea7798e]](System.__Canon ByRef, System.Object ByRef, System.Func`1<System.__Canon>)at System.Threading.LazyInitializer.EnsureInitialized[[System.__Canon, System.Private.CoreLib, Version=4.0.0.0, Culture=neutral, PublicKeyToken=7cec85d7bea7798e]](System.__Canon ByRef, System.Object ByRef, System.Func`1<System.__Canon>)
   at System.Console.get_Out()
   at Microsoft.Extensions.CommandLineUtils.CommandLineApplication..ctor(Boolean)
   at Microsoft.Cascade.Agent.Program..ctor()
   at Microsoft.Cascade.Agent.Program.Main(System.String[])
    at ChildProcess.<anonymous> (/home/dan/.vscode/extensions/ms-vsliveshare.vsliveshare-1.0.5615/src/abstractions/node/agent.ts:303:32)
    at ChildProcess.emit (node:events:402:35)
    at maybeClose (node:internal/child_process:1064:16)
    at Socket.<anonymous> (node:internal/child_process:450:11)
    at Socket.emit (node:events:390:28)
    at Pipe.<anonymous> (node:net:687:12)
[2022-06-13 17:22:00.556] [exthost] [info] Eager extensions activated
[2022-06-13 17:22:00.563] [exthost] [info] ExtensionService#_doActivateExtension vscode.emmet, startup: false, activationEvent: 'onStartupFinished'
[2022-06-13 17:22:00.567] [exthost] [info] ExtensionService#_doActivateExtension vscode.merge-conflict, startup: false, activationEvent: 'onStartupFinished'
[2022-06-13 17:22:00.568] [exthost] [info] ExtensionService#_doActivateExtension aaron-bond.better-comments, startup: false, activationEvent: 'onStartupFinished'
[2022-06-13 17:22:00.573] [exthost] [info] ExtensionService#_doActivateExtension bradlc.vscode-tailwindcss, startup: false, activationEvent: 'onStartupFinished'
[2022-06-13 17:22:00.579] [exthost] [info] ExtensionService#_doActivateExtension dbaeumer.vscode-eslint, startup: false, activationEvent: 'onStartupFinished'
[2022-06-13 17:22:00.585] [exthost] [info] ExtensionService#_doActivateExtension dsznajder.es7-react-js-snippets, startup: false, activationEvent: 'onStartupFinished'
[2022-06-13 17:22:00.787] [exthost] [info] ExtensionService#_doActivateExtension eamodio.gitlens, startup: false, activationEvent: 'onStartupFinished'
[2022-06-13 17:22:00.879] [exthost] [info] ExtensionService#_doActivateExtension esbenp.prettier-vscode, startup: false, activationEvent: 'onStartupFinished'
[2022-06-13 17:22:00.918] [exthost] [info] ExtensionService#_doActivateExtension felipecaputo.git-project-manager, startup: false, activationEvent: 'onStartupFinished'
[2022-06-13 17:22:00.942] [exthost] [info] ExtensionService#_doActivateExtension formulahendry.code-runner, startup: false, activationEvent: 'onStartupFinished'
[2022-06-13 17:22:00.964] [exthost] [info] ExtensionService#_doActivateExtension ms-vscode-remote.remote-containers, startup: false, activationEvent: 'onStartupFinished'
[2022-06-13 17:22:00.990] [exthost] [info] ExtensionService#_doActivateExtension ms-vscode-remote.remote-wsl, startup: false, activationEvent: 'onStartupFinished'
[2022-06-13 17:22:00.999] [exthost] [info] ExtensionService#_doActivateExtension PKief.material-icon-theme, startup: false, activationEvent: 'onStartupFinished'
[2022-06-13 17:22:01.006] [exthost] [info] ExtensionService#_doActivateExtension ritwickdey.LiveServer, startup: false, activationEvent: 'onStartupFinished'
[2022-06-13 17:22:01.133] [exthost] [info] ExtensionService#_doActivateExtension zhuangtongfa.material-theme, startup: false, activationEvent: 'onStartupFinished'
