[2022-06-13 17:46:18.979] [main] [info] update#setState idle
[2022-06-13 17:46:19.779] [main] [info] Starting extension host with pid 800 (fork() took 8 ms).
[2022-06-13 17:46:48.999] [main] [info] update#setState checking for updates
[2022-06-13 17:46:49.032] [main] [info] update#setState idle
[2022-06-13 18:46:49.102] [main] [info] update#setState checking for updates
[2022-06-13 18:46:49.242] [main] [info] update#setState idle
[2022-06-13 19:12:47.926] [main] [info] Starting extension host with pid 3778 (fork() took 6 ms).
[2022-06-13 19:13:10.773] [main] [info] Extension host with pid 3778 exited with code: 0, signal: null.
[2022-06-13 19:13:14.249] [main] [info] Starting extension host with pid 4119 (fork() took 6 ms).
[2022-06-13 19:13:15.225] [main] [info] Extension host with pid 800 exited with code: 0, signal: null.
[2022-06-13 19:15:03.186] [main] [info] Starting extension host with pid 4518 (fork() took 7 ms).
[2022-06-13 19:15:19.751] [main] [info] Extension host with pid 4119 exited with code: 0, signal: null.
[2022-06-13 19:15:29.325] [main] [info] Extension host with pid 4518 exited with code: 0, signal: null.
[2022-06-13 19:15:29.921] [main] [info] Starting extension host with pid 4650 (fork() took 7 ms).
[2022-06-13 19:15:36.546] [main] [info] Starting extension host with pid 4916 (fork() took 6 ms).
[2022-06-13 19:15:48.953] [main] [info] Extension host with pid 4916 exited with code: 0, signal: null.
[2022-06-13 19:15:49.452] [main] [info] Starting extension host with pid 4976 (fork() took 8 ms).
[2022-06-13 19:17:08.758] [main] [info] Extension host with pid 4976 exited with code: 0, signal: null.
[2022-06-13 19:17:09.742] [main] [info] Waiting for extension host with pid 4650 to exit.
[2022-06-13 19:17:09.778] [main] [info] Extension host with pid 4650 exited with code: 0, signal: null.
