[2022-06-13 17:46:20.343] [exthost] [info] Extension host with pid 800 started
[2022-06-13 17:46:20.343] [exthost] [info] Skipping acquiring lock for /home/dan/.config/Code/User/workspaceStorage/fc466df370544db5260194d576b04f30.
[2022-06-13 17:46:20.382] [exthost] [info] ExtensionService#_doActivateExtension vscode.microsoft-authentication, startup: false, activationEvent: 'onAuthenticationRequest:microsoft'
[2022-06-13 17:46:20.396] [exthost] [info] ExtensionService#_doActivateExtension vscode.debug-auto-launch, startup: true, activationEvent: '*'
[2022-06-13 17:46:20.397] [exthost] [info] ExtensionService#_doActivateExtension vscode.git-base, startup: true, activationEvent: '*', root cause: vscode.git
[2022-06-13 17:46:20.399] [exthost] [info] ExtensionService#_doActivateExtension vscode.ipynb, startup: true, activationEvent: '*'
[2022-06-13 17:46:20.401] [exthost] [info] ExtensionService#_doActivateExtension christian-kohler.path-intellisense, startup: true, activationEvent: '*'
[2022-06-13 17:46:20.414] [exthost] [info] ExtensionService#_doActivateExtension donjayamanne.githistory, startup: true, activationEvent: '*'
[2022-06-13 17:46:20.426] [exthost] [info] ExtensionService#_doActivateExtension ecmel.vscode-html-css, startup: true, activationEvent: '*'
[2022-06-13 17:46:20.456] [exthost] [info] ExtensionService#_doActivateExtension EditorConfig.EditorConfig, startup: true, activationEvent: '*'
[2022-06-13 17:46:20.470] [exthost] [info] ExtensionService#_doActivateExtension formulahendry.auto-close-tag, startup: true, activationEvent: '*'
[2022-06-13 17:46:20.472] [exthost] [info] ExtensionService#_doActivateExtension formulahendry.auto-rename-tag, startup: true, activationEvent: '*'
[2022-06-13 17:46:20.480] [exthost] [info] ExtensionService#_doActivateExtension vscode.github-authentication, startup: true, activationEvent: '*', root cause: GitHub.vscode-pull-request-github
[2022-06-13 17:46:20.489] [exthost] [info] ExtensionService#_doActivateExtension ms-vsliveshare.vsliveshare, startup: true, activationEvent: '*'
[2022-06-13 17:46:20.649] [exthost] [info] ExtensionService#_doActivateExtension Zignd.html-css-class-completion, startup: true, activationEvent: '*'
[2022-06-13 17:46:20.750] [exthost] [info] ExtensionService#_doActivateExtension vscode.git, startup: true, activationEvent: '*'
[2022-06-13 17:46:20.767] [exthost] [info] ExtensionService#_doActivateExtension vscode.github, startup: true, activationEvent: '*'
[2022-06-13 17:46:20.769] [exthost] [info] ExtensionService#_doActivateExtension GitHub.vscode-pull-request-github, startup: true, activationEvent: '*'
[2022-06-13 17:46:22.354] [exthost] [error] Activating extension ms-vsliveshare.vsliveshare failed due to an error:
[2022-06-13 17:46:22.354] [exthost] [error] Error: Agent terminated with exit code: 0 and signal null: Process terminated. Couldn't find a valid ICU package installed on the system. Set the configuration flag System.Globalization.Invariant to true if you want to run with no globalization support.
   at System.Environment.FailFast(System.String)at System.Globalization.GlobalizationMode.GetGlobalizationInvariantMode()
   at System.Globalization.GlobalizationMode..cctor()
   at System.Globalization.CultureData.CreateCultureWithInvariantData()
   at System.Globalization.CultureData.get_Invariant()at System.Globalization.CultureInfo..cctor()at System.String.ToLowerInvariant()at System.Text.EncodingHelper.GetCharset()
   at System.Text.EncodingHelper.GetEncodingFromCharset()
   at System.ConsolePal.GetConsoleEncoding()
   at System.Console+<>c.<get_OutputEncoding>b__19_0()at System.Threading.LazyInitializer.EnsureInitializedCore[[System.__Canon, System.Private.CoreLib, Version=4.0.0.0, Culture=neutral, PublicKeyToken=7cec85d7bea7798e]](System.__Canon ByRef, System.Object ByRef, System.Func`1<System.__Canon>)
   at System.Threading.LazyInitializer.EnsureInitialized[[System.__Canon, System.Private.CoreLib, Version=4.0.0.0, Culture=neutral, PublicKeyToken=7cec85d7bea7798e]](System.__Canon ByRef, System.Object ByRef, System.Func`1<System.__Canon>)at System.Console.get_OutputEncoding()
   at System.Console.CreateOutputWriter(System.IO.Stream)
   at System.Console+<>c.<get_Out>b__26_0()
   at System.Threading.LazyInitializer.EnsureInitializedCore[[System.__Canon, System.Private.CoreLib, Version=4.0.0.0, Culture=neutral, PublicKeyToken=7cec85d7bea7798e]](System.__Canon ByRef, System.Object ByRef, System.Func`1<System.__Canon>)
   at System.Threading.LazyInitializer.EnsureInitialized[[System.__Canon, System.Private.CoreLib, Version=4.0.0.0, Culture=neutral, PublicKeyToken=7cec85d7bea7798e]](System.__Canon ByRef, System.Object ByRef, System.Func`1<System.__Canon>)
   at System.Console.get_Out()
   at Microsoft.Extensions.CommandLineUtils.CommandLineApplication..ctor(Boolean)at Microsoft.Cascade.Agent.Program..ctor()
   at Microsoft.Cascade.Agent.Program.Main(System.String[])
    at ChildProcess.<anonymous> (/home/dan/.vscode/extensions/ms-vsliveshare.vsliveshare-1.0.5615/src/abstractions/node/agent.ts:303:32)
    at ChildProcess.emit (node:events:402:35)
    at maybeClose (node:internal/child_process:1064:16)
    at Socket.<anonymous> (node:internal/child_process:450:11)
    at Socket.emit (node:events:390:28)
    at Pipe.<anonymous> (node:net:687:12)
[2022-06-13 17:46:22.355] [exthost] [info] Eager extensions activated
[2022-06-13 17:46:22.362] [exthost] [info] ExtensionService#_doActivateExtension vscode.emmet, startup: false, activationEvent: 'onStartupFinished'
[2022-06-13 17:46:22.367] [exthost] [info] ExtensionService#_doActivateExtension vscode.merge-conflict, startup: false, activationEvent: 'onStartupFinished'
[2022-06-13 17:46:22.368] [exthost] [info] ExtensionService#_doActivateExtension aaron-bond.better-comments, startup: false, activationEvent: 'onStartupFinished'
[2022-06-13 17:46:22.373] [exthost] [info] ExtensionService#_doActivateExtension bradlc.vscode-tailwindcss, startup: false, activationEvent: 'onStartupFinished'
[2022-06-13 17:46:22.380] [exthost] [info] ExtensionService#_doActivateExtension dbaeumer.vscode-eslint, startup: false, activationEvent: 'onStartupFinished'
[2022-06-13 17:46:22.386] [exthost] [info] ExtensionService#_doActivateExtension dsznajder.es7-react-js-snippets, startup: false, activationEvent: 'onStartupFinished'
[2022-06-13 17:46:22.594] [exthost] [info] ExtensionService#_doActivateExtension eamodio.gitlens, startup: false, activationEvent: 'onStartupFinished'
[2022-06-13 17:46:22.683] [exthost] [info] ExtensionService#_doActivateExtension esbenp.prettier-vscode, startup: false, activationEvent: 'onStartupFinished'
[2022-06-13 17:46:22.705] [exthost] [info] ExtensionService#_doActivateExtension felipecaputo.git-project-manager, startup: false, activationEvent: 'onStartupFinished'
[2022-06-13 17:46:22.728] [exthost] [info] ExtensionService#_doActivateExtension formulahendry.code-runner, startup: false, activationEvent: 'onStartupFinished'
[2022-06-13 17:46:22.750] [exthost] [info] ExtensionService#_doActivateExtension ms-vscode-remote.remote-containers, startup: false, activationEvent: 'onStartupFinished'
[2022-06-13 17:46:22.770] [exthost] [info] ExtensionService#_doActivateExtension ms-vscode-remote.remote-wsl, startup: false, activationEvent: 'onStartupFinished'
[2022-06-13 17:46:22.779] [exthost] [info] ExtensionService#_doActivateExtension PKief.material-icon-theme, startup: false, activationEvent: 'onStartupFinished'
[2022-06-13 17:46:22.786] [exthost] [info] ExtensionService#_doActivateExtension ritwickdey.LiveServer, startup: false, activationEvent: 'onStartupFinished'
[2022-06-13 17:46:22.918] [exthost] [info] ExtensionService#_doActivateExtension zhuangtongfa.material-theme, startup: false, activationEvent: 'onStartupFinished'
[2022-06-13 19:06:24.022] [exthost] [info] ExtensionService#_doActivateExtension vscode.extension-editing, startup: false, activationEvent: 'onLanguage:markdown'
[2022-06-13 19:06:24.039] [exthost] [info] ExtensionService#_doActivateExtension vscode.markdown-language-features, startup: false, activationEvent: 'onLanguage:markdown'
[2022-06-13 19:06:24.090] [exthost] [info] ExtensionService#_doActivateExtension DavidAnson.vscode-markdownlint, startup: false, activationEvent: 'onLanguage:markdown'
[2022-06-13 19:06:24.113] [exthost] [info] ExtensionService#_doActivateExtension Vue.volar, startup: false, activationEvent: 'onLanguage:markdown'
[2022-06-13 19:06:24.211] [exthost] [info] ExtensionService#_doActivateExtension yzhang.markdown-all-in-one, startup: false, activationEvent: 'onLanguage:markdown'
[2022-06-13 19:06:24.355] [exthost] [info] ExtensionService#_doActivateExtension vscode.markdown-math, startup: false, activationEvent: 'api', root cause: yzhang.markdown-all-in-one
[2022-06-13 19:06:36.814] [exthost] [warning] TextEditor is closed/disposed
[2022-06-13 19:06:57.259] [exthost] [info] ExtensionService#_doActivateExtension vscode.configuration-editing, startup: false, activationEvent: 'onLanguage:jsonc'
[2022-06-13 19:06:57.263] [exthost] [info] ExtensionService#_doActivateExtension vscode.json-language-features, startup: false, activationEvent: 'onLanguage:jsonc'
[2022-06-13 19:06:57.274] [exthost] [info] ExtensionService#_doActivateExtension vscode.typescript-language-features, startup: false, activationEvent: 'onLanguage:jsonc'
[2022-06-13 19:13:15.175] [exthost] [info] Extension host terminating: received terminate message from renderer
[2022-06-13 19:13:15.209] [exthost] [info] Extension host with pid 800 exiting with code 0
