[2022-06-13T18:18:45.068Z] Log level: Info
[2022-06-13T18:18:45.069Z] [info] Validating found git in: git
[2022-06-13T18:18:45.136Z] [info] Using git 2.36.1 from git
[2022-06-13T18:18:45.147Z] > git rev-parse --show-toplevel [3ms]
[2022-06-13T18:18:45.175Z] > git rev-parse --git-dir --git-common-dir [20ms]
[2022-06-13T18:18:45.179Z] [info] Open repository: /home/dan/dotfiles
[2022-06-13T18:18:45.831Z] > git status -z -uall [643ms]
[2022-06-13T18:18:45.839Z] > git fetch --all [654ms]
[2022-06-13T18:18:45.865Z] > git symbolic-ref --short HEAD [27ms]
[2022-06-13T18:18:45.872Z] > git rev-parse --show-toplevel [680ms]
[2022-06-13T18:18:45.879Z] > git for-each-ref --format=%(refname)%00%(upstream:short)%00%(objectname)%00%(upstream:track)%00%(upstream:remotename)%00%(upstream:remoteref) refs/heads/master refs/remotes/master [7ms]
[2022-06-13T18:18:45.901Z] > git remote --verbose [9ms]
[2022-06-13T18:18:45.901Z] > git for-each-ref --sort -committerdate --format %(refname) %(objectname) %(*objectname) [16ms]
[2022-06-13T18:18:45.920Z] > git rev-parse --git-dir --git-common-dir [43ms]
[2022-06-13T18:18:45.921Z] [info] Open repository: /home/dan/.oh-my-zsh
[2022-06-13T18:18:45.952Z] > git status -z -uall [18ms]
[2022-06-13T18:18:45.959Z] > git config --get commit.template [19ms]
[2022-06-13T18:18:45.974Z] > git status -z -uall [8ms]
[2022-06-13T18:18:45.980Z] > git symbolic-ref --short HEAD [21ms]
[2022-06-13T18:18:45.990Z] > git for-each-ref --format=%(refname)%00%(upstream:short)%00%(objectname)%00%(upstream:track)%00%(upstream:remotename)%00%(upstream:remoteref) refs/heads/master refs/remotes/master [3ms]
[2022-06-13T18:18:46.004Z] > git symbolic-ref --short HEAD [24ms]
[2022-06-13T18:18:46.242Z] > git for-each-ref --format=%(refname)%00%(upstream:short)%00%(objectname)%00%(upstream:track)%00%(upstream:remotename)%00%(upstream:remoteref) refs/heads/master refs/remotes/master [232ms]
[2022-06-13T18:18:46.255Z] > git remote --verbose [251ms]
[2022-06-13T18:18:46.256Z] > git for-each-ref --sort -committerdate --format %(refname) %(objectname) %(*objectname) [259ms]
[2022-06-13T18:18:46.265Z] > git remote --verbose [10ms]
[2022-06-13T18:18:46.265Z] > git for-each-ref --sort -committerdate --format %(refname) %(objectname) %(*objectname) [16ms]
[2022-06-13T18:18:46.278Z] > git config --local branch.master.github-pr-owner-number [37ms]
[2022-06-13T18:18:46.287Z] > git config --get commit.template [22ms]
[2022-06-13T18:18:46.287Z] > git config --get commit.template [2ms]
[2022-06-13T18:18:46.726Z] > git fetch --all [798ms]
[2022-06-13T18:18:46.751Z] > git check-ignore -v -z --stdin [10ms]
[2022-06-13T18:18:46.751Z] > git check-ignore -v -z --stdin [2ms]
[2022-06-13T18:18:46.752Z] > git status -z -uall [20ms]
[2022-06-13T18:18:46.780Z] > git symbolic-ref --short HEAD [20ms]
[2022-06-13T18:18:46.789Z] > git for-each-ref --format=%(refname)%00%(upstream:short)%00%(objectname)%00%(upstream:track)%00%(upstream:remotename)%00%(upstream:remoteref) refs/heads/master refs/remotes/master [1ms]
[2022-06-13T18:18:46.804Z] > git for-each-ref --sort -committerdate --format %(refname) %(objectname) %(*objectname) [7ms]
[2022-06-13T18:18:46.812Z] > git remote --verbose [9ms]
[2022-06-13T18:18:46.819Z] > git config --get commit.template [1ms]
[2022-06-13T18:18:46.835Z] > git config --local branch.master.github-pr-owner-number [0ms]
[2022-06-13T18:18:51.865Z] > git status -z -uall [1ms]
[2022-06-13T18:18:51.876Z] > git symbolic-ref --short HEAD [1ms]
[2022-06-13T18:18:51.886Z] > git for-each-ref --format=%(refname)%00%(upstream:short)%00%(objectname)%00%(upstream:track)%00%(upstream:remotename)%00%(upstream:remoteref) refs/heads/master refs/remotes/master [0ms]
[2022-06-13T18:18:51.906Z] > git remote --verbose [0ms]
[2022-06-13T18:18:51.906Z] > git for-each-ref --sort -committerdate --format %(refname) %(objectname) %(*objectname) [10ms]
[2022-06-13T18:18:51.930Z] > git config --get commit.template [3ms]
