Initializing document watcher...
.config/awesome/rcsadf8.lua: {}
.config/awesome/rcsadf8.lua: {}
.config/awesome/rcsadf8.lua: Using EditorConfig core...
.config/awesome/rcsadf8.lua: Using EditorConfig core...
.config/awesome/rc.lua: {}
.config/awesome/rc.lua: {}
.config/awesome/rc.lua: {}
.config/awesome/rc.lua: {}
.config/awesome/rc.lua: Using EditorConfig core...
.config/awesome/rc.lua: {}
.config/awesome/rc.lua: {}
.config/awesome/rc.lua: {}
.config/awesome/rc.lua: {}
.config/awesome/mytheme.lua: {}
.config/awesome/rc.lua: {}
.config/awesome/collision/README.md: {}
.config/awesome/rc.lua: {}
.config/awesome/rc.lua: {}
.config/awesome/rc.lua: {}
.config/Code/User/settings.json: Using EditorConfig core...
.config/awesome/rc.lua: Using EditorConfig core...
.config/awesome/rc.lua: {}
.config/awesome/rc.lua: {}
.config/awesome/rc.lua: Using EditorConfig core...
.config/awesome/rc.lua: {}
.config/awesome/rc.lua: {}
.config/awesome/rc.lua: Using EditorConfig core...
.config/awesome/rc.lua: {}
.config/awesome/rc.lua: {}
.config/awesome/rc.lua: {}
.config/awesome/rc.lua: Using EditorConfig core...
.config/awesome/rc.lua: Using EditorConfig core...
.config/awesome/rc.lua: {}
.config/awesome/rc.lua: {}
.config/awesome/rc.lua: Using EditorConfig core...
.config/awesome/rc.lua: {}
.config/awesome/rc.lua: {}
.config/awesome/rc.lua: {}
.config/awesome/rc.lua: {}
.config/awesome/rc.lua: {}
