[2022-06-13T16:46:21.399Z] Log level: Info
[2022-06-13T16:46:21.399Z] [info] Validating found git in: git
[2022-06-13T16:46:21.462Z] [info] Using git 2.36.1 from git
[2022-06-13T16:46:21.481Z] > git rev-parse --show-toplevel [11ms]
[2022-06-13T16:46:21.482Z] fatal: not a git repository (or any parent up to mount point /)
Stopping at filesystem boundary (GIT_DISCOVERY_ACROSS_FILESYSTEM not set).
[2022-06-13T16:46:21.504Z] > git rev-parse --show-toplevel [15ms]
[2022-06-13T16:46:21.504Z] fatal: not a git repository (or any parent up to mount point /)
Stopping at filesystem boundary (GIT_DISCOVERY_ACROSS_FILESYSTEM not set).
[2022-06-13T16:46:21.528Z] > git rev-parse --show-toplevel [18ms]
[2022-06-13T16:46:21.528Z] fatal: not a git repository (or any parent up to mount point /)
Stopping at filesystem boundary (GIT_DISCOVERY_ACROSS_FILESYSTEM not set).
[2022-06-13T16:46:21.539Z] > git rev-parse --show-toplevel [6ms]
[2022-06-13T16:46:21.539Z] fatal: not a git repository (or any parent up to mount point /)
Stopping at filesystem boundary (GIT_DISCOVERY_ACROSS_FILESYSTEM not set).
[2022-06-13T16:46:21.546Z] > git rev-parse --show-toplevel [2ms]
[2022-06-13T16:46:21.546Z] fatal: not a git repository (or any parent up to mount point /)
Stopping at filesystem boundary (GIT_DISCOVERY_ACROSS_FILESYSTEM not set).
[2022-06-13T16:46:21.553Z] > git rev-parse --show-toplevel [2ms]
[2022-06-13T16:46:21.553Z] fatal: not a git repository (or any parent up to mount point /)
Stopping at filesystem boundary (GIT_DISCOVERY_ACROSS_FILESYSTEM not set).
[2022-06-13T16:46:21.562Z] > git rev-parse --show-toplevel [3ms]
[2022-06-13T16:46:21.562Z] fatal: not a git repository (or any parent up to mount point /)
Stopping at filesystem boundary (GIT_DISCOVERY_ACROSS_FILESYSTEM not set).
[2022-06-13T16:46:21.571Z] > git rev-parse --show-toplevel [3ms]
[2022-06-13T16:46:21.571Z] fatal: not a git repository (or any parent up to mount point /)
Stopping at filesystem boundary (GIT_DISCOVERY_ACROSS_FILESYSTEM not set).
[2022-06-13T16:46:21.584Z] > git rev-parse --show-toplevel [8ms]
[2022-06-13T16:46:21.584Z] fatal: not a git repository (or any parent up to mount point /)
Stopping at filesystem boundary (GIT_DISCOVERY_ACROSS_FILESYSTEM not set).
[2022-06-13T16:46:21.680Z] > git rev-parse --show-toplevel [90ms]
[2022-06-13T16:46:21.680Z] fatal: not a git repository (or any parent up to mount point /)
Stopping at filesystem boundary (GIT_DISCOVERY_ACROSS_FILESYSTEM not set).
[2022-06-13T16:46:21.695Z] > git rev-parse --show-toplevel [11ms]
[2022-06-13T16:46:21.695Z] fatal: not a git repository (or any parent up to mount point /)
Stopping at filesystem boundary (GIT_DISCOVERY_ACROSS_FILESYSTEM not set).
[2022-06-13T16:46:21.700Z] > git rev-parse --show-toplevel [1ms]
[2022-06-13T16:46:21.700Z] fatal: not a git repository (or any parent up to mount point /)
Stopping at filesystem boundary (GIT_DISCOVERY_ACROSS_FILESYSTEM not set).
[2022-06-13T16:46:23.095Z] > git rev-parse --show-toplevel [97ms]
[2022-06-13T16:46:23.095Z] fatal: not a git repository (or any parent up to mount point /)
Stopping at filesystem boundary (GIT_DISCOVERY_ACROSS_FILESYSTEM not set).
[2022-06-13T18:02:42.209Z] > git rev-parse --show-toplevel [20ms]
[2022-06-13T18:02:42.209Z] fatal: not a git repository (or any parent up to mount point /)
Stopping at filesystem boundary (GIT_DISCOVERY_ACROSS_FILESYSTEM not set).
[2022-06-13T18:06:06.446Z] > git rev-parse --show-toplevel [4ms]
[2022-06-13T18:06:06.446Z] fatal: not a git repository (or any parent up to mount point /)
Stopping at filesystem boundary (GIT_DISCOVERY_ACROSS_FILESYSTEM not set).
[2022-06-13T18:06:14.698Z] > git rev-parse --show-toplevel [3ms]
[2022-06-13T18:06:14.698Z] fatal: not a git repository (or any parent up to mount point /)
Stopping at filesystem boundary (GIT_DISCOVERY_ACROSS_FILESYSTEM not set).
[2022-06-13T18:06:24.010Z] > git rev-parse --show-toplevel [11ms]
[2022-06-13T18:06:24.311Z] > git rev-parse --git-dir --git-common-dir [293ms]
[2022-06-13T18:06:24.316Z] [info] Open repository: /home/dan/.config/awesome/collision
[2022-06-13T18:06:24.344Z] > git status -z -uall [10ms]
[2022-06-13T18:06:24.395Z] > git symbolic-ref --short HEAD [43ms]
[2022-06-13T18:06:24.517Z] > git for-each-ref --format=%(refname)%00%(upstream:short)%00%(objectname)%00%(upstream:track)%00%(upstream:remotename)%00%(upstream:remoteref) refs/heads/master refs/remotes/master [116ms]
[2022-06-13T18:06:24.530Z] > git remote --verbose [2ms]
[2022-06-13T18:06:24.531Z] > git for-each-ref --sort -committerdate --format %(refname) %(objectname) %(*objectname) [8ms]
[2022-06-13T18:06:24.574Z] > git config --get commit.template [10ms]
[2022-06-13T18:06:24.829Z] > git config --local branch.master.github-pr-owner-number [257ms]
[2022-06-13T18:06:24.830Z] > git fetch --all [504ms]
[2022-06-13T18:06:24.873Z] > git status -z -uall [35ms]
[2022-06-13T18:06:24.879Z] > git show --textconv :README.md [15ms]
[2022-06-13T18:06:24.901Z] > git symbolic-ref --short HEAD [22ms]
[2022-06-13T18:06:24.908Z] > git ls-files --stage -- /home/dan/.config/awesome/collision/README.md [37ms]
[2022-06-13T18:06:24.926Z] > git cat-file -s eb231972270d653ac3899b3c6983b41926aa7e1d [12ms]
[2022-06-13T18:06:24.926Z] > git for-each-ref --format=%(refname)%00%(upstream:short)%00%(objectname)%00%(upstream:track)%00%(upstream:remotename)%00%(upstream:remoteref) refs/heads/master refs/remotes/master [18ms]
[2022-06-13T18:06:24.940Z] > git remote --verbose [2ms]
[2022-06-13T18:06:24.940Z] > git for-each-ref --sort -committerdate --format %(refname) %(objectname) %(*objectname) [6ms]
[2022-06-13T18:06:24.964Z] > git check-ignore -v -z --stdin [13ms]
[2022-06-13T18:06:24.965Z] > git config --get commit.template [5ms]
[2022-06-13T18:06:25.941Z] > git ls-files --stage -- /home/dan/.config/awesome/collision/README.md [0ms]
[2022-06-13T18:06:25.949Z] > git cat-file -s eb231972270d653ac3899b3c6983b41926aa7e1d [0ms]
[2022-06-13T18:06:25.963Z] > git show --textconv :README.md [1ms]
[2022-06-13T18:06:36.837Z] > git rev-parse --show-toplevel [8ms]
[2022-06-13T18:06:36.837Z] fatal: not a git repository (or any parent up to mount point /)
Stopping at filesystem boundary (GIT_DISCOVERY_ACROSS_FILESYSTEM not set).
[2022-06-13T18:06:57.392Z] > git rev-parse --show-toplevel [2ms]
[2022-06-13T18:06:57.392Z] fatal: not a git repository (or any parent up to mount point /)
Stopping at filesystem boundary (GIT_DISCOVERY_ACROSS_FILESYSTEM not set).
